#
# There is insufficient memory for the Java Runtime Environment to continue.
# Native memory allocation (malloc) failed to allocate 247856 bytes for Chunk::new
# Possible reasons:
#   The system is out of physical RAM or swap space
#   The process is running with CompressedOops enabled, and the Java Heap may be blocking the growth of the native heap
# Possible solutions:
#   Reduce memory load on the system
#   Increase physical memory or swap space
#   Check if swap backing store is full
#   Decrease Java heap size (-Xmx/-Xms)
#   Decrease number of Java threads
#   Decrease Java thread stack sizes (-Xss)
#   Set larger code cache with -XX:ReservedCodeCacheSize=
#   JVM is running with Unscaled Compressed Oops mode in which the Java heap is
#     placed in the first 4GB address space. The Java Heap base address is the
#     maximum limit for the native heap growth. Please use -XX:HeapBaseMinAddress
#     to set the Java Heap base and to place the Java Heap above 4GB virtual address.
# This output file may be truncated or incomplete.
#
#  Out of Memory Error (arena.cpp:184), pid=27724, tid=1992
#
# JRE version: Java(TM) SE Runtime Environment (20.0.2+9) (build 20.0.2+9-78)
# Java VM: Java HotSpot(TM) 64-Bit Server VM (20.0.2+9-78, mixed mode, sharing, tiered, compressed oops, compressed class ptrs, g1 gc, windows-amd64)
# No core dump will be written. Minidumps are not enabled by default on client versions of Windows
#

---------------  S U M M A R Y ------------

Command Line: -Dfile.encoding=UTF-8 --module-path=C:\Users\Asus\OneDrive\Documents\NetBeansProjects\Inkeeper's_toolkit\build\classes inkeeper.s_toolkit.AddDriver

Host: Intel(R) Core(TM) i5-1035G1 CPU @ 1.00GHz, 8 cores, 7G,  Windows 11 , 64 bit Build 22621 (10.0.22621.2428)
Time: Mon Oct 16 02:56:15 2023 India Standard Time elapsed time: 0.270392 seconds (0d 0h 0m 0s)

---------------  T H R E A D  ---------------

Current thread (0x0000024ee8d58d60):  JavaThread "C2 CompilerThread1" daemon [_thread_in_native, id=1992, stack(0x000000dbf1100000,0x000000dbf1200000)]


Current CompileTask:
C2:    270  644       4       java.util.HashMap::resize (356 bytes)

Stack: [0x000000dbf1100000,0x000000dbf1200000]
Native frames: (J=compiled Java code, j=interpreted, Vv=VM code, C=native code)
V  [jvm.dll+0x6bc25a]
V  [jvm.dll+0x84971a]
V  [jvm.dll+0x84b315]
V  [jvm.dll+0x84ba13]
V  [jvm.dll+0x280e4f]
V  [jvm.dll+0xc2ab1]
V  [jvm.dll+0xc2dd5]
V  [jvm.dll+0x3bb612]
V  [jvm.dll+0x385b75]
V  [jvm.dll+0x384fea]
V  [jvm.dll+0x24b529]
V  [jvm.dll+0x24a921]
V  [jvm.dll+0x1ce761]
V  [jvm.dll+0x25a0eb]
V  [jvm.dll+0x2587c0]
V  [jvm.dll+0x3f2dd5]
V  [jvm.dll+0x7f5c76]
V  [jvm.dll+0x6baecb]
C  [ucrtbase.dll+0x29363]
C  [KERNEL32.DLL+0x1257d]
C  [ntdll.dll+0x5aa78]


---------------  P R O C E S S  ---------------

Threads class SMR info:
_java_thread_list=0x0000024ee8fdb4f0, length=15, elements={
0x0000024e84eec7d0, 0x0000024ea3a0f660, 0x0000024ea3a11360, 0x0000024ea3a12180,
0x0000024ea3a14d40, 0x0000024ea3a158e0, 0x0000024ea3a17f80, 0x0000024ea3a1d7d0,
0x0000024ea3a2eac0, 0x0000024ee8cee920, 0x0000024ee8d58d60, 0x0000024ee8f0ba30,
0x0000024ee900cd30, 0x0000024ee90249d0, 0x0000024ee8fd8a80
}

Java Threads: ( => current thread )
  0x0000024e84eec7d0 JavaThread "main" [_thread_in_vm, id=8136, stack(0x000000dbf0100000,0x000000dbf0200000)]
  0x0000024ea3a0f660 JavaThread "Reference Handler" daemon [_thread_blocked, id=12032, stack(0x000000dbf0800000,0x000000dbf0900000)]
  0x0000024ea3a11360 JavaThread "Finalizer" daemon [_thread_blocked, id=15100, stack(0x000000dbf0900000,0x000000dbf0a00000)]
  0x0000024ea3a12180 JavaThread "Signal Dispatcher" daemon [_thread_blocked, id=12708, stack(0x000000dbf0a00000,0x000000dbf0b00000)]
  0x0000024ea3a14d40 JavaThread "Attach Listener" daemon [_thread_blocked, id=3008, stack(0x000000dbf0b00000,0x000000dbf0c00000)]
  0x0000024ea3a158e0 JavaThread "Service Thread" daemon [_thread_blocked, id=28700, stack(0x000000dbf0c00000,0x000000dbf0d00000)]
  0x0000024ea3a17f80 JavaThread "Monitor Deflation Thread" daemon [_thread_blocked, id=5968, stack(0x000000dbf0d00000,0x000000dbf0e00000)]
  0x0000024ea3a1d7d0 JavaThread "C2 CompilerThread0" daemon [_thread_blocked, id=24460, stack(0x000000dbf0e00000,0x000000dbf0f00000)]
  0x0000024ea3a2eac0 JavaThread "C1 CompilerThread0" daemon [_thread_blocked, id=29452, stack(0x000000dbf0f00000,0x000000dbf1000000)]
  0x0000024ee8cee920 JavaThread "Common-Cleaner" daemon [_thread_blocked, id=14152, stack(0x000000dbf1000000,0x000000dbf1100000)]
=>0x0000024ee8d58d60 JavaThread "C2 CompilerThread1" daemon [_thread_in_native, id=1992, stack(0x000000dbf1100000,0x000000dbf1200000)]
  0x0000024ee8f0ba30 JavaThread "Notification Thread" daemon [_thread_blocked, id=29476, stack(0x000000dbf1200000,0x000000dbf1300000)]
  0x0000024ee900cd30 JavaThread "Java2D Disposer" daemon [_thread_blocked, id=29004, stack(0x000000dbf1400000,0x000000dbf1500000)]
  0x0000024ee90249d0 JavaThread "AWT-Shutdown" [_thread_blocked, id=10100, stack(0x000000dbf1500000,0x000000dbf1600000)]
  0x0000024ee8fd8a80 JavaThread "AWT-Windows" daemon [_thread_in_native, id=22324, stack(0x000000dbf1600000,0x000000dbf1700000)]

Other Threads:
  0x0000024ea39f1e90 VMThread "VM Thread" [stack: 0x000000dbf0700000,0x000000dbf0800000] [id=25656]
  0x0000024ee8e37200 WatcherThread "VM Periodic Task Thread" [stack: 0x000000dbf1300000,0x000000dbf1400000] [id=24516]
  0x0000024e871a7360 WorkerThread "GC Thread#0" [stack: 0x000000dbf0200000,0x000000dbf0300000] [id=11272]
  0x0000024e871b7970 ConcurrentGCThread "G1 Main Marker" [stack: 0x000000dbf0300000,0x000000dbf0400000] [id=7200]
  0x0000024e871b8440 WorkerThread "G1 Conc#0" [stack: 0x000000dbf0400000,0x000000dbf0500000] [id=1936]
  0x0000024ea38b0140 ConcurrentGCThread "G1 Refine#0" [stack: 0x000000dbf0500000,0x000000dbf0600000] [id=23136]
  0x0000024ea38b0890 ConcurrentGCThread "G1 Service" [stack: 0x000000dbf0600000,0x000000dbf0700000] [id=27796]

Threads with active compile tasks:
C2 CompilerThread1      281  644       4       java.util.HashMap::resize (356 bytes)

VM state: not at safepoint (normal execution)

VM Mutex/Monitor currently owned by a thread:  ([mutex/lock_event])
[0x0000024e87143960] Metaspace_lock - owner thread: 0x0000024e84eec7d0

Heap address: 0x0000000084000000, size: 1984 MB, Compressed Oops mode: 32-bit

CDS archive(s) mapped at: [0x0000024ea3c00000-0x0000024ea4860000-0x0000024ea4860000), size 12976128, SharedBaseAddress: 0x0000024ea3c00000, ArchiveRelocationMode: 1.
Compressed class space mapped at: 0x0000024ea4c00000-0x0000024ee4c00000, reserved size: 1073741824
Narrow klass base: 0x0000024ea3c00000, Narrow klass shift: 0, Narrow klass range: 0x100000000

GC Precious Log:
 CardTable entry size: 512
 Card Set container configuration: InlinePtr #cards 5 size 8 Array Of Cards #cards 12 size 40 Howl #buckets 4 coarsen threshold 1843 Howl Bitmap #cards 512 size 80 coarsen threshold 460 Card regions per heap region 1 cards per card region 2048
 CPUs: 8 total, 8 available
 Memory: 7932M
 Large Page Support: Disabled
 NUMA Support: Disabled
 Compressed Oops: Enabled (32-bit)
 Heap Region Size: 1M
 Heap Min Capacity: 8M
 Heap Initial Capacity: 124M
 Heap Max Capacity: 1984M
 Pre-touch: Disabled
 Parallel Workers: 8
 Concurrent Workers: 2
 Concurrent Refinement Workers: 8
 Periodic GC: Disabled

Heap:
 garbage-first heap   total 126976K, used 6144K [0x0000000084000000, 0x0000000100000000)
  region size 1024K, 7 young (7168K), 0 survivors (0K)
 Metaspace       used 5430K, committed 5632K, reserved 1114112K
  class space    used 614K, committed 768K, reserved 1048576K

Heap Regions: E=young(eden), S=young(survivor), O=old, HS=humongous(starts), HC=humongous(continues), CS=collection set, F=free, OA=open archive, CA=closed archive, TAMS=top-at-mark-start, PB=parsable bottom
|   0|0x0000000084000000, 0x0000000084000000, 0x0000000084100000|  0%| F|  |TAMS 0x0000000084000000| PB 0x0000000084000000| Untracked 
|   1|0x0000000084100000, 0x0000000084100000, 0x0000000084200000|  0%| F|  |TAMS 0x0000000084100000| PB 0x0000000084100000| Untracked 
|   2|0x0000000084200000, 0x0000000084200000, 0x0000000084300000|  0%| F|  |TAMS 0x0000000084200000| PB 0x0000000084200000| Untracked 
|   3|0x0000000084300000, 0x0000000084300000, 0x0000000084400000|  0%| F|  |TAMS 0x0000000084300000| PB 0x0000000084300000| Untracked 
|   4|0x0000000084400000, 0x0000000084400000, 0x0000000084500000|  0%| F|  |TAMS 0x0000000084400000| PB 0x0000000084400000| Untracked 
|   5|0x0000000084500000, 0x0000000084500000, 0x0000000084600000|  0%| F|  |TAMS 0x0000000084500000| PB 0x0000000084500000| Untracked 
|   6|0x0000000084600000, 0x0000000084600000, 0x0000000084700000|  0%| F|  |TAMS 0x0000000084600000| PB 0x0000000084600000| Untracked 
|   7|0x0000000084700000, 0x0000000084700000, 0x0000000084800000|  0%| F|  |TAMS 0x0000000084700000| PB 0x0000000084700000| Untracked 
|   8|0x0000000084800000, 0x0000000084800000, 0x0000000084900000|  0%| F|  |TAMS 0x0000000084800000| PB 0x0000000084800000| Untracked 
|   9|0x0000000084900000, 0x0000000084900000, 0x0000000084a00000|  0%| F|  |TAMS 0x0000000084900000| PB 0x0000000084900000| Untracked 
|  10|0x0000000084a00000, 0x0000000084a00000, 0x0000000084b00000|  0%| F|  |TAMS 0x0000000084a00000| PB 0x0000000084a00000| Untracked 
|  11|0x0000000084b00000, 0x0000000084b00000, 0x0000000084c00000|  0%| F|  |TAMS 0x0000000084b00000| PB 0x0000000084b00000| Untracked 
|  12|0x0000000084c00000, 0x0000000084c00000, 0x0000000084d00000|  0%| F|  |TAMS 0x0000000084c00000| PB 0x0000000084c00000| Untracked 
|  13|0x0000000084d00000, 0x0000000084d00000, 0x0000000084e00000|  0%| F|  |TAMS 0x0000000084d00000| PB 0x0000000084d00000| Untracked 
|  14|0x0000000084e00000, 0x0000000084e00000, 0x0000000084f00000|  0%| F|  |TAMS 0x0000000084e00000| PB 0x0000000084e00000| Untracked 
|  15|0x0000000084f00000, 0x0000000084f00000, 0x0000000085000000|  0%| F|  |TAMS 0x0000000084f00000| PB 0x0000000084f00000| Untracked 
|  16|0x0000000085000000, 0x0000000085000000, 0x0000000085100000|  0%| F|  |TAMS 0x0000000085000000| PB 0x0000000085000000| Untracked 
|  17|0x0000000085100000, 0x0000000085100000, 0x0000000085200000|  0%| F|  |TAMS 0x0000000085100000| PB 0x0000000085100000| Untracked 
|  18|0x0000000085200000, 0x0000000085200000, 0x0000000085300000|  0%| F|  |TAMS 0x0000000085200000| PB 0x0000000085200000| Untracked 
|  19|0x0000000085300000, 0x0000000085300000, 0x0000000085400000|  0%| F|  |TAMS 0x0000000085300000| PB 0x0000000085300000| Untracked 
|  20|0x0000000085400000, 0x0000000085400000, 0x0000000085500000|  0%| F|  |TAMS 0x0000000085400000| PB 0x0000000085400000| Untracked 
|  21|0x0000000085500000, 0x0000000085500000, 0x0000000085600000|  0%| F|  |TAMS 0x0000000085500000| PB 0x0000000085500000| Untracked 
|  22|0x0000000085600000, 0x0000000085600000, 0x0000000085700000|  0%| F|  |TAMS 0x0000000085600000| PB 0x0000000085600000| Untracked 
|  23|0x0000000085700000, 0x0000000085700000, 0x0000000085800000|  0%| F|  |TAMS 0x0000000085700000| PB 0x0000000085700000| Untracked 
|  24|0x0000000085800000, 0x0000000085800000, 0x0000000085900000|  0%| F|  |TAMS 0x0000000085800000| PB 0x0000000085800000| Untracked 
|  25|0x0000000085900000, 0x0000000085900000, 0x0000000085a00000|  0%| F|  |TAMS 0x0000000085900000| PB 0x0000000085900000| Untracked 
|  26|0x0000000085a00000, 0x0000000085a00000, 0x0000000085b00000|  0%| F|  |TAMS 0x0000000085a00000| PB 0x0000000085a00000| Untracked 
|  27|0x0000000085b00000, 0x0000000085b00000, 0x0000000085c00000|  0%| F|  |TAMS 0x0000000085b00000| PB 0x0000000085b00000| Untracked 
|  28|0x0000000085c00000, 0x0000000085c00000, 0x0000000085d00000|  0%| F|  |TAMS 0x0000000085c00000| PB 0x0000000085c00000| Untracked 
|  29|0x0000000085d00000, 0x0000000085d00000, 0x0000000085e00000|  0%| F|  |TAMS 0x0000000085d00000| PB 0x0000000085d00000| Untracked 
|  30|0x0000000085e00000, 0x0000000085e00000, 0x0000000085f00000|  0%| F|  |TAMS 0x0000000085e00000| PB 0x0000000085e00000| Untracked 
|  31|0x0000000085f00000, 0x0000000085f00000, 0x0000000086000000|  0%| F|  |TAMS 0x0000000085f00000| PB 0x0000000085f00000| Untracked 
|  32|0x0000000086000000, 0x0000000086000000, 0x0000000086100000|  0%| F|  |TAMS 0x0000000086000000| PB 0x0000000086000000| Untracked 
|  33|0x0000000086100000, 0x0000000086100000, 0x0000000086200000|  0%| F|  |TAMS 0x0000000086100000| PB 0x0000000086100000| Untracked 
|  34|0x0000000086200000, 0x0000000086200000, 0x0000000086300000|  0%| F|  |TAMS 0x0000000086200000| PB 0x0000000086200000| Untracked 
|  35|0x0000000086300000, 0x0000000086300000, 0x0000000086400000|  0%| F|  |TAMS 0x0000000086300000| PB 0x0000000086300000| Untracked 
|  36|0x0000000086400000, 0x0000000086400000, 0x0000000086500000|  0%| F|  |TAMS 0x0000000086400000| PB 0x0000000086400000| Untracked 
|  37|0x0000000086500000, 0x0000000086500000, 0x0000000086600000|  0%| F|  |TAMS 0x0000000086500000| PB 0x0000000086500000| Untracked 
|  38|0x0000000086600000, 0x0000000086600000, 0x0000000086700000|  0%| F|  |TAMS 0x0000000086600000| PB 0x0000000086600000| Untracked 
|  39|0x0000000086700000, 0x0000000086700000, 0x0000000086800000|  0%| F|  |TAMS 0x0000000086700000| PB 0x0000000086700000| Untracked 
|  40|0x0000000086800000, 0x0000000086800000, 0x0000000086900000|  0%| F|  |TAMS 0x0000000086800000| PB 0x0000000086800000| Untracked 
|  41|0x0000000086900000, 0x0000000086900000, 0x0000000086a00000|  0%| F|  |TAMS 0x0000000086900000| PB 0x0000000086900000| Untracked 
|  42|0x0000000086a00000, 0x0000000086a00000, 0x0000000086b00000|  0%| F|  |TAMS 0x0000000086a00000| PB 0x0000000086a00000| Untracked 
|  43|0x0000000086b00000, 0x0000000086b00000, 0x0000000086c00000|  0%| F|  |TAMS 0x0000000086b00000| PB 0x0000000086b00000| Untracked 
|  44|0x0000000086c00000, 0x0000000086c00000, 0x0000000086d00000|  0%| F|  |TAMS 0x0000000086c00000| PB 0x0000000086c00000| Untracked 
|  45|0x0000000086d00000, 0x0000000086d00000, 0x0000000086e00000|  0%| F|  |TAMS 0x0000000086d00000| PB 0x0000000086d00000| Untracked 
|  46|0x0000000086e00000, 0x0000000086e00000, 0x0000000086f00000|  0%| F|  |TAMS 0x0000000086e00000| PB 0x0000000086e00000| Untracked 
|  47|0x0000000086f00000, 0x0000000086f00000, 0x0000000087000000|  0%| F|  |TAMS 0x0000000086f00000| PB 0x0000000086f00000| Untracked 
|  48|0x0000000087000000, 0x0000000087000000, 0x0000000087100000|  0%| F|  |TAMS 0x0000000087000000| PB 0x0000000087000000| Untracked 
|  49|0x0000000087100000, 0x0000000087100000, 0x0000000087200000|  0%| F|  |TAMS 0x0000000087100000| PB 0x0000000087100000| Untracked 
|  50|0x0000000087200000, 0x0000000087200000, 0x0000000087300000|  0%| F|  |TAMS 0x0000000087200000| PB 0x0000000087200000| Untracked 
|  51|0x0000000087300000, 0x0000000087300000, 0x0000000087400000|  0%| F|  |TAMS 0x0000000087300000| PB 0x0000000087300000| Untracked 
|  52|0x0000000087400000, 0x0000000087400000, 0x0000000087500000|  0%| F|  |TAMS 0x0000000087400000| PB 0x0000000087400000| Untracked 
|  53|0x0000000087500000, 0x0000000087500000, 0x0000000087600000|  0%| F|  |TAMS 0x0000000087500000| PB 0x0000000087500000| Untracked 
|  54|0x0000000087600000, 0x0000000087600000, 0x0000000087700000|  0%| F|  |TAMS 0x0000000087600000| PB 0x0000000087600000| Untracked 
|  55|0x0000000087700000, 0x0000000087700000, 0x0000000087800000|  0%| F|  |TAMS 0x0000000087700000| PB 0x0000000087700000| Untracked 
|  56|0x0000000087800000, 0x0000000087800000, 0x0000000087900000|  0%| F|  |TAMS 0x0000000087800000| PB 0x0000000087800000| Untracked 
|  57|0x0000000087900000, 0x0000000087900000, 0x0000000087a00000|  0%| F|  |TAMS 0x0000000087900000| PB 0x0000000087900000| Untracked 
|  58|0x0000000087a00000, 0x0000000087a00000, 0x0000000087b00000|  0%| F|  |TAMS 0x0000000087a00000| PB 0x0000000087a00000| Untracked 
|  59|0x0000000087b00000, 0x0000000087b00000, 0x0000000087c00000|  0%| F|  |TAMS 0x0000000087b00000| PB 0x0000000087b00000| Untracked 
|  60|0x0000000087c00000, 0x0000000087c00000, 0x0000000087d00000|  0%| F|  |TAMS 0x0000000087c00000| PB 0x0000000087c00000| Untracked 
|  61|0x0000000087d00000, 0x0000000087d00000, 0x0000000087e00000|  0%| F|  |TAMS 0x0000000087d00000| PB 0x0000000087d00000| Untracked 
|  62|0x0000000087e00000, 0x0000000087e00000, 0x0000000087f00000|  0%| F|  |TAMS 0x0000000087e00000| PB 0x0000000087e00000| Untracked 
|  63|0x0000000087f00000, 0x0000000087f00000, 0x0000000088000000|  0%| F|  |TAMS 0x0000000087f00000| PB 0x0000000087f00000| Untracked 
|  64|0x0000000088000000, 0x0000000088000000, 0x0000000088100000|  0%| F|  |TAMS 0x0000000088000000| PB 0x0000000088000000| Untracked 
|  65|0x0000000088100000, 0x0000000088100000, 0x0000000088200000|  0%| F|  |TAMS 0x0000000088100000| PB 0x0000000088100000| Untracked 
|  66|0x0000000088200000, 0x0000000088200000, 0x0000000088300000|  0%| F|  |TAMS 0x0000000088200000| PB 0x0000000088200000| Untracked 
|  67|0x0000000088300000, 0x0000000088300000, 0x0000000088400000|  0%| F|  |TAMS 0x0000000088300000| PB 0x0000000088300000| Untracked 
|  68|0x0000000088400000, 0x0000000088400000, 0x0000000088500000|  0%| F|  |TAMS 0x0000000088400000| PB 0x0000000088400000| Untracked 
|  69|0x0000000088500000, 0x0000000088500000, 0x0000000088600000|  0%| F|  |TAMS 0x0000000088500000| PB 0x0000000088500000| Untracked 
|  70|0x0000000088600000, 0x0000000088600000, 0x0000000088700000|  0%| F|  |TAMS 0x0000000088600000| PB 0x0000000088600000| Untracked 
|  71|0x0000000088700000, 0x0000000088700000, 0x0000000088800000|  0%| F|  |TAMS 0x0000000088700000| PB 0x0000000088700000| Untracked 
|  72|0x0000000088800000, 0x0000000088800000, 0x0000000088900000|  0%| F|  |TAMS 0x0000000088800000| PB 0x0000000088800000| Untracked 
|  73|0x0000000088900000, 0x0000000088900000, 0x0000000088a00000|  0%| F|  |TAMS 0x0000000088900000| PB 0x0000000088900000| Untracked 
|  74|0x0000000088a00000, 0x0000000088a00000, 0x0000000088b00000|  0%| F|  |TAMS 0x0000000088a00000| PB 0x0000000088a00000| Untracked 
|  75|0x0000000088b00000, 0x0000000088b00000, 0x0000000088c00000|  0%| F|  |TAMS 0x0000000088b00000| PB 0x0000000088b00000| Untracked 
|  76|0x0000000088c00000, 0x0000000088c00000, 0x0000000088d00000|  0%| F|  |TAMS 0x0000000088c00000| PB 0x0000000088c00000| Untracked 
|  77|0x0000000088d00000, 0x0000000088d00000, 0x0000000088e00000|  0%| F|  |TAMS 0x0000000088d00000| PB 0x0000000088d00000| Untracked 
|  78|0x0000000088e00000, 0x0000000088e00000, 0x0000000088f00000|  0%| F|  |TAMS 0x0000000088e00000| PB 0x0000000088e00000| Untracked 
|  79|0x0000000088f00000, 0x0000000088f00000, 0x0000000089000000|  0%| F|  |TAMS 0x0000000088f00000| PB 0x0000000088f00000| Untracked 
|  80|0x0000000089000000, 0x0000000089000000, 0x0000000089100000|  0%| F|  |TAMS 0x0000000089000000| PB 0x0000000089000000| Untracked 
|  81|0x0000000089100000, 0x0000000089100000, 0x0000000089200000|  0%| F|  |TAMS 0x0000000089100000| PB 0x0000000089100000| Untracked 
|  82|0x0000000089200000, 0x0000000089200000, 0x0000000089300000|  0%| F|  |TAMS 0x0000000089200000| PB 0x0000000089200000| Untracked 
|  83|0x0000000089300000, 0x0000000089300000, 0x0000000089400000|  0%| F|  |TAMS 0x0000000089300000| PB 0x0000000089300000| Untracked 
|  84|0x0000000089400000, 0x0000000089400000, 0x0000000089500000|  0%| F|  |TAMS 0x0000000089400000| PB 0x0000000089400000| Untracked 
|  85|0x0000000089500000, 0x0000000089500000, 0x0000000089600000|  0%| F|  |TAMS 0x0000000089500000| PB 0x0000000089500000| Untracked 
|  86|0x0000000089600000, 0x0000000089600000, 0x0000000089700000|  0%| F|  |TAMS 0x0000000089600000| PB 0x0000000089600000| Untracked 
|  87|0x0000000089700000, 0x0000000089700000, 0x0000000089800000|  0%| F|  |TAMS 0x0000000089700000| PB 0x0000000089700000| Untracked 
|  88|0x0000000089800000, 0x0000000089800000, 0x0000000089900000|  0%| F|  |TAMS 0x0000000089800000| PB 0x0000000089800000| Untracked 
|  89|0x0000000089900000, 0x0000000089900000, 0x0000000089a00000|  0%| F|  |TAMS 0x0000000089900000| PB 0x0000000089900000| Untracked 
|  90|0x0000000089a00000, 0x0000000089a00000, 0x0000000089b00000|  0%| F|  |TAMS 0x0000000089a00000| PB 0x0000000089a00000| Untracked 
|  91|0x0000000089b00000, 0x0000000089b00000, 0x0000000089c00000|  0%| F|  |TAMS 0x0000000089b00000| PB 0x0000000089b00000| Untracked 
|  92|0x0000000089c00000, 0x0000000089c00000, 0x0000000089d00000|  0%| F|  |TAMS 0x0000000089c00000| PB 0x0000000089c00000| Untracked 
|  93|0x0000000089d00000, 0x0000000089d00000, 0x0000000089e00000|  0%| F|  |TAMS 0x0000000089d00000| PB 0x0000000089d00000| Untracked 
|  94|0x0000000089e00000, 0x0000000089e00000, 0x0000000089f00000|  0%| F|  |TAMS 0x0000000089e00000| PB 0x0000000089e00000| Untracked 
|  95|0x0000000089f00000, 0x0000000089f00000, 0x000000008a000000|  0%| F|  |TAMS 0x0000000089f00000| PB 0x0000000089f00000| Untracked 
|  96|0x000000008a000000, 0x000000008a000000, 0x000000008a100000|  0%| F|  |TAMS 0x000000008a000000| PB 0x000000008a000000| Untracked 
|  97|0x000000008a100000, 0x000000008a100000, 0x000000008a200000|  0%| F|  |TAMS 0x000000008a100000| PB 0x000000008a100000| Untracked 
|  98|0x000000008a200000, 0x000000008a200000, 0x000000008a300000|  0%| F|  |TAMS 0x000000008a200000| PB 0x000000008a200000| Untracked 
|  99|0x000000008a300000, 0x000000008a300000, 0x000000008a400000|  0%| F|  |TAMS 0x000000008a300000| PB 0x000000008a300000| Untracked 
| 100|0x000000008a400000, 0x000000008a400000, 0x000000008a500000|  0%| F|  |TAMS 0x000000008a400000| PB 0x000000008a400000| Untracked 
| 101|0x000000008a500000, 0x000000008a500000, 0x000000008a600000|  0%| F|  |TAMS 0x000000008a500000| PB 0x000000008a500000| Untracked 
| 102|0x000000008a600000, 0x000000008a600000, 0x000000008a700000|  0%| F|  |TAMS 0x000000008a600000| PB 0x000000008a600000| Untracked 
| 103|0x000000008a700000, 0x000000008a700000, 0x000000008a800000|  0%| F|  |TAMS 0x000000008a700000| PB 0x000000008a700000| Untracked 
| 104|0x000000008a800000, 0x000000008a800000, 0x000000008a900000|  0%| F|  |TAMS 0x000000008a800000| PB 0x000000008a800000| Untracked 
| 105|0x000000008a900000, 0x000000008a900000, 0x000000008aa00000|  0%| F|  |TAMS 0x000000008a900000| PB 0x000000008a900000| Untracked 
| 106|0x000000008aa00000, 0x000000008aa00000, 0x000000008ab00000|  0%| F|  |TAMS 0x000000008aa00000| PB 0x000000008aa00000| Untracked 
| 107|0x000000008ab00000, 0x000000008ab00000, 0x000000008ac00000|  0%| F|  |TAMS 0x000000008ab00000| PB 0x000000008ab00000| Untracked 
| 108|0x000000008ac00000, 0x000000008ac00000, 0x000000008ad00000|  0%| F|  |TAMS 0x000000008ac00000| PB 0x000000008ac00000| Untracked 
| 109|0x000000008ad00000, 0x000000008ad00000, 0x000000008ae00000|  0%| F|  |TAMS 0x000000008ad00000| PB 0x000000008ad00000| Untracked 
| 110|0x000000008ae00000, 0x000000008ae00000, 0x000000008af00000|  0%| F|  |TAMS 0x000000008ae00000| PB 0x000000008ae00000| Untracked 
| 111|0x000000008af00000, 0x000000008af00000, 0x000000008b000000|  0%| F|  |TAMS 0x000000008af00000| PB 0x000000008af00000| Untracked 
| 112|0x000000008b000000, 0x000000008b000000, 0x000000008b100000|  0%| F|  |TAMS 0x000000008b000000| PB 0x000000008b000000| Untracked 
| 113|0x000000008b100000, 0x000000008b100000, 0x000000008b200000|  0%| F|  |TAMS 0x000000008b100000| PB 0x000000008b100000| Untracked 
| 114|0x000000008b200000, 0x000000008b200000, 0x000000008b300000|  0%| F|  |TAMS 0x000000008b200000| PB 0x000000008b200000| Untracked 
| 115|0x000000008b300000, 0x000000008b300000, 0x000000008b400000|  0%| F|  |TAMS 0x000000008b300000| PB 0x000000008b300000| Untracked 
| 116|0x000000008b400000, 0x000000008b400000, 0x000000008b500000|  0%| F|  |TAMS 0x000000008b400000| PB 0x000000008b400000| Untracked 
| 117|0x000000008b500000, 0x000000008b5ec0b8, 0x000000008b600000| 92%| E|  |TAMS 0x000000008b500000| PB 0x000000008b500000| Complete 
| 118|0x000000008b600000, 0x000000008b700000, 0x000000008b700000|100%| E|CS|TAMS 0x000000008b600000| PB 0x000000008b600000| Complete 
| 119|0x000000008b700000, 0x000000008b800000, 0x000000008b800000|100%| E|CS|TAMS 0x000000008b700000| PB 0x000000008b700000| Complete 
| 120|0x000000008b800000, 0x000000008b900000, 0x000000008b900000|100%| E|CS|TAMS 0x000000008b800000| PB 0x000000008b800000| Complete 
| 121|0x000000008b900000, 0x000000008ba00000, 0x000000008ba00000|100%| E|CS|TAMS 0x000000008b900000| PB 0x000000008b900000| Complete 
| 122|0x000000008ba00000, 0x000000008bb00000, 0x000000008bb00000|100%| E|CS|TAMS 0x000000008ba00000| PB 0x000000008ba00000| Complete 
| 123|0x000000008bb00000, 0x000000008bc00000, 0x000000008bc00000|100%| E|CS|TAMS 0x000000008bb00000| PB 0x000000008bb00000| Complete 

Card table byte_map: [0x0000024e9e930000,0x0000024e9ed10000] _byte_map_base: 0x0000024e9e510000

Marking Bits: (CMBitMap*) 0x0000024e871a7890
 Bits: [0x0000024e9f0f0000, 0x0000024ea0ff0000)

Polling page: 0x0000024e850d0000

Metaspace:

Usage:
  Non-class:      4.70 MB used.
      Class:    614.81 KB used.
       Both:      5.30 MB used.

Virtual space:
  Non-class space:       64.00 MB reserved,       4.75 MB (  7%) committed,  1 nodes.
      Class space:        1.00 GB reserved,     768.00 KB ( <1%) committed,  1 nodes.
             Both:        1.06 GB reserved,       5.50 MB ( <1%) committed. 

Chunk freelists:
   Non-Class:  2.88 MB
       Class:  3.25 MB
        Both:  6.13 MB

MaxMetaspaceSize: unlimited
CompressedClassSpaceSize: 1.00 GB
Initial GC threshold: 21.00 MB
Current GC threshold: 21.00 MB
CDS: on
MetaspaceReclaimPolicy: balanced
 - commit_granule_bytes: 65536.
 - commit_granule_words: 8192.
 - virtual_space_node_default_size: 8388608.
 - enlarge_chunks_in_place: 1.
 - new_chunks_are_fully_committed: 0.
 - uncommit_free_chunks: 1.
 - use_allocation_guard: 0.


Internal statistics:

num_allocs_failed_limit: 0.
num_arena_births: 120.
num_arena_deaths: 0.
num_vsnodes_births: 2.
num_vsnodes_deaths: 0.
num_space_committed: 88.
num_space_uncommitted: 0.
num_chunks_returned_to_freelist: 0.
num_chunks_taken_from_freelist: 142.
num_chunk_merges: 0.
num_chunk_splits: 87.
num_chunks_enlarged: 38.
num_inconsistent_stats: 0.

CodeHeap 'non-profiled nmethods': size=120000Kb used=207Kb max_used=207Kb free=119792Kb
 bounds [0x0000024e96cf0000, 0x0000024e96f60000, 0x0000024e9e220000]
CodeHeap 'profiled nmethods': size=120000Kb used=941Kb max_used=941Kb free=119058Kb
 bounds [0x0000024e8f220000, 0x0000024e8f490000, 0x0000024e96750000]
CodeHeap 'non-nmethods': size=5760Kb used=1605Kb max_used=1624Kb free=4154Kb
 bounds [0x0000024e96750000, 0x0000024e969c0000, 0x0000024e96cf0000]
 total_blobs=1194 nmethods=678 adapters=427
 compilation: enabled
              stopped_count=0, restarted_count=0
 full_count=0

Compilation events (20 events):
Event: 0.253 Thread 0x0000024ea3a1d7d0 nmethod 642 0x0000024e96d21c10 code [0x0000024e96d21e00, 0x0000024e96d22988]
Event: 0.253 Thread 0x0000024ee8d58d60  644       4       java.util.HashMap::resize (356 bytes)
Event: 0.254 Thread 0x0000024ea3a2eac0  661       3       java.lang.reflect.Array::newInstance (6 bytes)
Event: 0.255 Thread 0x0000024ea3a2eac0 nmethod 661 0x0000024e8f304d90 code [0x0000024e8f304f20, 0x0000024e8f305030]
Event: 0.255 Thread 0x0000024ea3a2eac0  662       3       java.lang.invoke.LambdaForm::editor (5 bytes)
Event: 0.255 Thread 0x0000024ea3a2eac0 nmethod 662 0x0000024e8f305110 code [0x0000024e8f3052c0, 0x0000024e8f3055f0]
Event: 0.255 Thread 0x0000024ea3a2eac0  663       3       java.lang.invoke.LambdaFormEditor::lambdaFormEditor (12 bytes)
Event: 0.255 Thread 0x0000024ea3a2eac0 nmethod 663 0x0000024e8f305710 code [0x0000024e8f3058c0, 0x0000024e8f305b80]
Event: 0.256 Thread 0x0000024ea3a2eac0  664       1       java.beans.PropertyChangeEvent::getOldValue (5 bytes)
Event: 0.256 Thread 0x0000024ea3a2eac0 nmethod 664 0x0000024e96d23110 code [0x0000024e96d23280, 0x0000024e96d23348]
Event: 0.256 Thread 0x0000024ea3a2eac0  665       1       java.beans.PropertyChangeEvent::getNewValue (5 bytes)
Event: 0.256 Thread 0x0000024ea3a2eac0 nmethod 665 0x0000024e96d23410 code [0x0000024e96d23580, 0x0000024e96d23648]
Event: 0.258 Thread 0x0000024ea3a2eac0  666       3       java.lang.invoke.MethodHandle::keepsAlive (20 bytes)
Event: 0.258 Thread 0x0000024ea3a2eac0 nmethod 666 0x0000024e8f305d10 code [0x0000024e8f305f60, 0x0000024e8f3069f0]
Event: 0.259 Thread 0x0000024ea3a2eac0  667   !   3       java.lang.invoke.MethodHandle::setVarargs (25 bytes)
Event: 0.260 Thread 0x0000024ea3a2eac0 nmethod 667 0x0000024e8f306d10 code [0x0000024e8f306f00, 0x0000024e8f307498]
Event: 0.260 Thread 0x0000024ea3a2eac0  668       3       java.lang.invoke.MemberName::isVarargs (23 bytes)
Event: 0.260 Thread 0x0000024ea3a2eac0 nmethod 668 0x0000024e8f307690 code [0x0000024e8f307840, 0x0000024e8f307bc8]
Event: 0.260 Thread 0x0000024ea3a2eac0  669       3       java.lang.invoke.LambdaFormEditor$Transform::equals (32 bytes)
Event: 0.260 Thread 0x0000024ea3a2eac0 nmethod 669 0x0000024e8f307d10 code [0x0000024e8f307ea0, 0x0000024e8f308078]

GC Heap History (0 events):
No events

Dll operation events (7 events):
Event: 0.007 Loaded shared library C:\Program Files\Java\jdk-20\bin\java.dll
Event: 0.023 Loaded shared library C:\Program Files\Java\jdk-20\bin\jsvml.dll
Event: 0.055 Loaded shared library C:\Program Files\Java\jdk-20\bin\net.dll
Event: 0.056 Loaded shared library C:\Program Files\Java\jdk-20\bin\nio.dll
Event: 0.061 Loaded shared library C:\Program Files\Java\jdk-20\bin\zip.dll
Event: 0.112 Loaded shared library C:\Program Files\Java\jdk-20\bin\jimage.dll
Event: 0.128 Loaded shared library C:\Program Files\Java\jdk-20\bin\awt.dll

Deoptimization events (20 events):
Event: 0.239 Thread 0x0000024e84eec7d0 Uncommon trap: trap_request=0xffffffc6 fr.pc=0x0000024e96d0a46c relative=0x0000000000000b4c
Event: 0.239 Thread 0x0000024e84eec7d0 Uncommon trap: reason=bimorphic_or_optimized_type_check action=maybe_recompile pc=0x0000024e96d0a46c method=java.util.HashMap.putVal(ILjava/lang/Object;Ljava/lang/Object;ZZ)Ljava/lang/Object; @ 56 c2
Event: 0.239 Thread 0x0000024e84eec7d0 DEOPT PACKING pc=0x0000024e96d0a46c sp=0x000000dbf01fec50
Event: 0.239 Thread 0x0000024e84eec7d0 DEOPT UNPACKING pc=0x0000024e9676d2a2 sp=0x000000dbf01febd8 mode 2
Event: 0.239 Thread 0x0000024e84eec7d0 Uncommon trap: trap_request=0xffffffc6 fr.pc=0x0000024e96d0a46c relative=0x0000000000000b4c
Event: 0.239 Thread 0x0000024e84eec7d0 Uncommon trap: reason=bimorphic_or_optimized_type_check action=maybe_recompile pc=0x0000024e96d0a46c method=java.util.HashMap.putVal(ILjava/lang/Object;Ljava/lang/Object;ZZ)Ljava/lang/Object; @ 56 c2
Event: 0.239 Thread 0x0000024e84eec7d0 DEOPT PACKING pc=0x0000024e96d0a46c sp=0x000000dbf01fec50
Event: 0.239 Thread 0x0000024e84eec7d0 DEOPT UNPACKING pc=0x0000024e9676d2a2 sp=0x000000dbf01febd8 mode 2
Event: 0.239 Thread 0x0000024e84eec7d0 Uncommon trap: trap_request=0xffffffc6 fr.pc=0x0000024e96d0a46c relative=0x0000000000000b4c
Event: 0.239 Thread 0x0000024e84eec7d0 Uncommon trap: reason=bimorphic_or_optimized_type_check action=maybe_recompile pc=0x0000024e96d0a46c method=java.util.HashMap.putVal(ILjava/lang/Object;Ljava/lang/Object;ZZ)Ljava/lang/Object; @ 56 c2
Event: 0.239 Thread 0x0000024e84eec7d0 DEOPT PACKING pc=0x0000024e96d0a46c sp=0x000000dbf01fec50
Event: 0.239 Thread 0x0000024e84eec7d0 DEOPT UNPACKING pc=0x0000024e9676d2a2 sp=0x000000dbf01febd8 mode 2
Event: 0.239 Thread 0x0000024e84eec7d0 Uncommon trap: trap_request=0xffffffc6 fr.pc=0x0000024e96d0a46c relative=0x0000000000000b4c
Event: 0.239 Thread 0x0000024e84eec7d0 Uncommon trap: reason=bimorphic_or_optimized_type_check action=maybe_recompile pc=0x0000024e96d0a46c method=java.util.HashMap.putVal(ILjava/lang/Object;Ljava/lang/Object;ZZ)Ljava/lang/Object; @ 56 c2
Event: 0.239 Thread 0x0000024e84eec7d0 DEOPT PACKING pc=0x0000024e96d0a46c sp=0x000000dbf01fec50
Event: 0.239 Thread 0x0000024e84eec7d0 DEOPT UNPACKING pc=0x0000024e9676d2a2 sp=0x000000dbf01febd8 mode 2
Event: 0.256 Thread 0x0000024e84eec7d0 Uncommon trap: trap_request=0xffffff45 fr.pc=0x0000024e96d21418 relative=0x0000000000000b18
Event: 0.256 Thread 0x0000024e84eec7d0 Uncommon trap: reason=unstable_if action=reinterpret pc=0x0000024e96d21418 method=java.util.HashMap.hash(Ljava/lang/Object;)I @ 1 c2
Event: 0.256 Thread 0x0000024e84eec7d0 DEOPT PACKING pc=0x0000024e96d21418 sp=0x000000dbf01fed80
Event: 0.256 Thread 0x0000024e84eec7d0 DEOPT UNPACKING pc=0x0000024e9676d2a2 sp=0x000000dbf01fed20 mode 2

Classes loaded (20 events):
Event: 0.260 Loading class javax/swing/text/Element
Event: 0.260 Loading class javax/swing/text/Element done
Event: 0.260 Loading class javax/swing/tree/TreeNode
Event: 0.260 Loading class javax/swing/tree/TreeNode done
Event: 0.261 Loading class javax/swing/text/AbstractDocument$AbstractElement done
Event: 0.261 Loading class javax/swing/text/AbstractDocument$BranchElement done
Event: 0.261 Loading class javax/swing/text/AbstractDocument$BidiRootElement done
Event: 0.261 Loading class javax/swing/text/AbstractDocument$1
Event: 0.261 Loading class javax/swing/text/AbstractDocument$1 done
Event: 0.261 Loading class javax/swing/text/AbstractDocument$BidiElement
Event: 0.261 Loading class javax/swing/text/AbstractDocument$LeafElement
Event: 0.261 Loading class javax/swing/text/AbstractDocument$LeafElement done
Event: 0.261 Loading class javax/swing/text/AbstractDocument$BidiElement done
Event: 0.261 Loading class javax/swing/text/GapContent$StickyPosition
Event: 0.261 Loading class javax/swing/text/Position
Event: 0.261 Loading class javax/swing/text/Position done
Event: 0.261 Loading class javax/swing/text/GapContent$StickyPosition done
Event: 0.261 Loading class javax/swing/text/StyleContext$KeyEnumeration
Event: 0.261 Loading class javax/swing/text/StyleContext$KeyEnumeration done
Event: 0.261 Loading class javax/swing/text/FieldView

Classes unloaded (0 events):
No events

Classes redefined (0 events):
No events

Internal exceptions (17 events):
Event: 0.057 Thread 0x0000024e84eec7d0 Exception <a 'sun/nio/fs/WindowsException'{0x000000008ba43b28}> (0x000000008ba43b28) 
thrown [s\open\src\hotspot\share\prims\jni.cpp, line 519]
Event: 0.058 Thread 0x0000024e84eec7d0 Exception <a 'sun/nio/fs/WindowsException'{0x000000008ba460f8}> (0x000000008ba460f8) 
thrown [s\open\src\hotspot\share\prims\jni.cpp, line 519]
Event: 0.058 Thread 0x0000024e84eec7d0 Exception <a 'sun/nio/fs/WindowsException'{0x000000008ba47138}> (0x000000008ba47138) 
thrown [s\open\src\hotspot\share\prims\jni.cpp, line 519]
Event: 0.083 Thread 0x0000024e84eec7d0 Exception <a 'java/lang/NoSuchMethodError'{0x000000008b9d6bc0}: 'void java.lang.invoke.DirectMethodHandle$Holder.invokeSpecial(java.lang.Object, java.lang.Object, java.lang.Object)'> (0x000000008b9d6bc0) 
thrown [s\open\src\hotspot\share\interpreter\linkResolver.cpp, line 773]
Event: 0.086 Thread 0x0000024e84eec7d0 Exception <a 'java/lang/NoSuchMethodError'{0x000000008b9e9860}: 'void java.lang.invoke.DirectMethodHandle$Holder.invokeSpecial(java.lang.Object, java.lang.Object, java.lang.Object, java.lang.Object, java.lang.Object)'> (0x000000008b9e9860) 
thrown [s\open\src\hotspot\share\interpreter\linkResolver.cpp, line 773]
Event: 0.088 Thread 0x0000024e84eec7d0 Exception <a 'java/lang/NoSuchMethodError'{0x000000008b9fc9d0}: 'java.lang.Object java.lang.invoke.DirectMethodHandle$Holder.invokeInterface(java.lang.Object, java.lang.Object)'> (0x000000008b9fc9d0) 
thrown [s\open\src\hotspot\share\interpreter\linkResolver.cpp, line 773]
Event: 0.089 Thread 0x0000024e84eec7d0 Exception <a 'java/lang/IncompatibleClassChangeError'{0x000000008b9ffc38}: Found class java.lang.Object, but interface was expected> (0x000000008b9ffc38) 
thrown [s\open\src\hotspot\share\interpreter\linkResolver.cpp, line 840]
Event: 0.089 Thread 0x0000024e84eec7d0 Exception <a 'java/lang/NoSuchMethodError'{0x000000008b802f60}: 'void java.lang.invoke.DirectMethodHandle$Holder.invokeStatic(java.lang.Object, java.lang.Object, java.lang.Object, java.lang.Object)'> (0x000000008b802f60) 
thrown [s\open\src\hotspot\share\interpreter\linkResolver.cpp, line 773]
Event: 0.117 Thread 0x0000024e84eec7d0 Exception <a 'java/lang/ClassNotFoundException'{0x000000008b8e3850}: sun/awt/resources/spi/awtProvider> (0x000000008b8e3850) 
thrown [s\open\src\hotspot\share\classfile\systemDictionary.cpp, line 305]
Event: 0.140 Thread 0x0000024e84eec7d0 Exception <a 'java/io/FileNotFoundException'{0x000000008b73a4e8}> (0x000000008b73a4e8) 
thrown [s\open\src\hotspot\share\prims\jni.cpp, line 519]
Event: 0.146 Thread 0x0000024e84eec7d0 Exception <a 'java/io/FileNotFoundException'{0x000000008b764670}> (0x000000008b764670) 
thrown [s\open\src\hotspot\share\prims\jni.cpp, line 519]
Event: 0.217 Thread 0x0000024e84eec7d0 Exception <a 'java/lang/NoSuchMethodError'{0x000000008b6a8020}: 'java.lang.Object java.lang.invoke.DirectMethodHandle$Holder.newInvokeSpecial(java.lang.Object, java.lang.Object, java.lang.Object, java.lang.Object, java.lang.Object)'> (0x000000008b6a8020) 
thrown [s\open\src\hotspot\share\interpreter\linkResolver.cpp, line 773]
Event: 0.221 Thread 0x0000024e84eec7d0 Exception <a 'java/lang/NoSuchMethodError'{0x000000008b6d8d88}: 'java.lang.Object java.lang.invoke.DirectMethodHandle$Holder.invokeStatic(java.lang.Object, int, java.lang.Object)'> (0x000000008b6d8d88) 
thrown [s\open\src\hotspot\share\interpreter\linkResolver.cpp, line 773]
Event: 0.238 Thread 0x0000024e84eec7d0 Exception <a 'java/lang/ClassNotFoundException'{0x000000008b594308}: com/sun/swing/internal/plaf/metal/resources/spi/metalProvider> (0x000000008b594308) 
thrown [s\open\src\hotspot\share\classfile\systemDictionary.cpp, line 305]
Event: 0.239 Thread 0x0000024e84eec7d0 Exception <a 'java/lang/ClassNotFoundException'{0x000000008b598268}: com/sun/swing/internal/plaf/basic/resources/spi/basicProvider> (0x000000008b598268) 
thrown [s\open\src\hotspot\share\classfile\systemDictionary.cpp, line 305]
Event: 0.245 Thread 0x0000024e84eec7d0 Exception <a 'java/lang/NoSuchMethodError'{0x000000008b5b7438}: 'int java.lang.invoke.Invokers$Holder.invokeExact_MT(java.lang.Object, java.lang.Object)'> (0x000000008b5b7438) 
thrown [s\open\src\hotspot\share\interpreter\linkResolver.cpp, line 773]
Event: 0.256 Thread 0x0000024e84eec7d0 Implicit null exception at 0x0000024e96d2094d to 0x0000024e96d213fc

VM Operations (6 events):
Event: 0.062 Executing VM operation: HandshakeAllThreads
Event: 0.062 Executing VM operation: HandshakeAllThreads done
Event: 0.087 Executing VM operation: HandshakeAllThreads
Event: 0.087 Executing VM operation: HandshakeAllThreads done
Event: 0.155 Executing VM operation: HandshakeAllThreads
Event: 0.155 Executing VM operation: HandshakeAllThreads done

Events (15 events):
Event: 0.023 Thread 0x0000024e84eec7d0 Thread added: 0x0000024e84eec7d0
Event: 0.031 Thread 0x0000024ea3a0f660 Thread added: 0x0000024ea3a0f660
Event: 0.031 Thread 0x0000024ea3a11360 Thread added: 0x0000024ea3a11360
Event: 0.031 Thread 0x0000024ea3a12180 Thread added: 0x0000024ea3a12180
Event: 0.031 Thread 0x0000024ea3a14d40 Thread added: 0x0000024ea3a14d40
Event: 0.031 Thread 0x0000024ea3a158e0 Thread added: 0x0000024ea3a158e0
Event: 0.031 Thread 0x0000024ea3a17f80 Thread added: 0x0000024ea3a17f80
Event: 0.031 Thread 0x0000024ea3a1d7d0 Thread added: 0x0000024ea3a1d7d0
Event: 0.031 Thread 0x0000024ea3a2eac0 Thread added: 0x0000024ea3a2eac0
Event: 0.046 Thread 0x0000024ee8cee920 Thread added: 0x0000024ee8cee920
Event: 0.087 Thread 0x0000024ee8d58d60 Thread added: 0x0000024ee8d58d60
Event: 0.099 Thread 0x0000024ee8f0ba30 Thread added: 0x0000024ee8f0ba30
Event: 0.181 Thread 0x0000024ee900cd30 Thread added: 0x0000024ee900cd30
Event: 0.182 Thread 0x0000024ee90249d0 Thread added: 0x0000024ee90249d0
Event: 0.184 Thread 0x0000024ee8fd8a80 Thread added: 0x0000024ee8fd8a80


Dynamic libraries:
0x00007ff7e0e30000 - 0x00007ff7e0e40000 	C:\Program Files\Java\jdk-20\bin\java.exe
0x00007ffbaaf90000 - 0x00007ffbab1a7000 	C:\WINDOWS\SYSTEM32\ntdll.dll
0x00007ffbaa830000 - 0x00007ffbaa8f4000 	C:\WINDOWS\System32\KERNEL32.DLL
0x00007ffba8310000 - 0x00007ffba86b6000 	C:\WINDOWS\System32\KERNELBASE.dll
0x00007ffba8900000 - 0x00007ffba8a11000 	C:\WINDOWS\System32\ucrtbase.dll
0x00007ffb7bf10000 - 0x00007ffb7bf29000 	C:\Program Files\Java\jdk-20\bin\jli.dll
0x00007ffb6b970000 - 0x00007ffb6b98b000 	C:\Program Files\Java\jdk-20\bin\VCRUNTIME140.dll
0x00007ffba9020000 - 0x00007ffba90d0000 	C:\WINDOWS\System32\ADVAPI32.dll
0x00007ffbaa770000 - 0x00007ffbaa817000 	C:\WINDOWS\System32\msvcrt.dll
0x00007ffba9c30000 - 0x00007ffba9cd6000 	C:\WINDOWS\System32\sechost.dll
0x00007ffba8cf0000 - 0x00007ffba8e07000 	C:\WINDOWS\System32\RPCRT4.dll
0x00007ffba9780000 - 0x00007ffba992d000 	C:\WINDOWS\System32\USER32.dll
0x00007ffba87b0000 - 0x00007ffba87d6000 	C:\WINDOWS\System32\win32u.dll
0x00007ffb91770000 - 0x00007ffb91a03000 	C:\WINDOWS\WinSxS\amd64_microsoft.windows.common-controls_6595b64144ccf1df_6.0.22621.2361_none_2712ced57382f843\COMCTL32.dll
0x00007ffba9930000 - 0x00007ffba9959000 	C:\WINDOWS\System32\GDI32.dll
0x00007ffba87e0000 - 0x00007ffba88f8000 	C:\WINDOWS\System32\gdi32full.dll
0x00007ffba8ae0000 - 0x00007ffba8b7a000 	C:\WINDOWS\System32\msvcp_win.dll
0x00007ffb9fbd0000 - 0x00007ffb9fbda000 	C:\WINDOWS\SYSTEM32\VERSION.dll
0x00007ffbaac90000 - 0x00007ffbaacc1000 	C:\WINDOWS\System32\IMM32.DLL
0x00007ffb6b960000 - 0x00007ffb6b96c000 	C:\Program Files\Java\jdk-20\bin\vcruntime140_1.dll
0x00007ffb391e0000 - 0x00007ffb3926e000 	C:\Program Files\Java\jdk-20\bin\msvcp140.dll
0x00007ffb36a80000 - 0x00007ffb37718000 	C:\Program Files\Java\jdk-20\bin\server\jvm.dll
0x00007ffb6ba20000 - 0x00007ffb6ba29000 	C:\WINDOWS\SYSTEM32\WSOCK32.dll
0x00007ffb9f980000 - 0x00007ffb9f9b4000 	C:\WINDOWS\SYSTEM32\WINMM.dll
0x00007ffbaaed0000 - 0x00007ffbaaf41000 	C:\WINDOWS\System32\WS2_32.dll
0x00007ffba73e0000 - 0x00007ffba73f8000 	C:\WINDOWS\SYSTEM32\kernel.appcore.dll
0x00007ffb6b8e0000 - 0x00007ffb6b8ea000 	C:\Program Files\Java\jdk-20\bin\jimage.dll
0x00007ffba5bb0000 - 0x00007ffba5dde000 	C:\WINDOWS\SYSTEM32\DBGHELP.DLL
0x00007ffbaa900000 - 0x00007ffbaac8a000 	C:\WINDOWS\System32\combase.dll
0x00007ffba8e10000 - 0x00007ffba8ee7000 	C:\WINDOWS\System32\OLEAUT32.dll
0x00007ffb8ad40000 - 0x00007ffb8ad72000 	C:\WINDOWS\SYSTEM32\dbgcore.DLL
0x00007ffba86c0000 - 0x00007ffba873a000 	C:\WINDOWS\System32\bcryptPrimitives.dll
0x00007ffb6b8f0000 - 0x00007ffb6b916000 	C:\Program Files\Java\jdk-20\bin\java.dll
0x00007ffb39270000 - 0x00007ffb39347000 	C:\Program Files\Java\jdk-20\bin\jsvml.dll
0x00007ffba9f00000 - 0x00007ffbaa758000 	C:\WINDOWS\System32\SHELL32.dll
0x00007ffba6270000 - 0x00007ffba6b62000 	C:\WINDOWS\SYSTEM32\windows.storage.dll
0x00007ffba6130000 - 0x00007ffba626e000 	C:\WINDOWS\SYSTEM32\wintypes.dll
0x00007ffba9b30000 - 0x00007ffba9c23000 	C:\WINDOWS\System32\SHCORE.dll
0x00007ffba8ef0000 - 0x00007ffba8f4e000 	C:\WINDOWS\System32\shlwapi.dll
0x00007ffba8240000 - 0x00007ffba8266000 	C:\WINDOWS\SYSTEM32\profapi.dll
0x00007ffb6b8c0000 - 0x00007ffb6b8d3000 	C:\Program Files\Java\jdk-20\bin\net.dll
0x00007ffb9f630000 - 0x00007ffb9f767000 	C:\WINDOWS\SYSTEM32\WINHTTP.dll
0x00007ffba78c0000 - 0x00007ffba7929000 	C:\WINDOWS\system32\mswsock.dll
0x00007ffb6b8a0000 - 0x00007ffb6b8b6000 	C:\Program Files\Java\jdk-20\bin\nio.dll
0x00007ffb5c110000 - 0x00007ffb5c128000 	C:\Program Files\Java\jdk-20\bin\zip.dll
0x00007ffb38fc0000 - 0x00007ffb39151000 	C:\Program Files\Java\jdk-20\bin\awt.dll
0x00007ffba5240000 - 0x00007ffba52d7000 	C:\WINDOWS\SYSTEM32\apphelp.dll
0x00007ffba5840000 - 0x00007ffba586b000 	C:\WINDOWS\system32\DWMAPI.DLL
0x00007ffba5430000 - 0x00007ffba54db000 	C:\WINDOWS\system32\uxtheme.dll
0x00007ffb7a5d0000 - 0x00007ffb7a6d0000 	C:\WINDOWS\system32\opengl32.dll
0x00007ffb7c3e0000 - 0x00007ffb7c40d000 	C:\WINDOWS\SYSTEM32\GLU32.dll
0x00007ffba5510000 - 0x00007ffba5546000 	C:\WINDOWS\SYSTEM32\dxcore.dll
0x00007ffbaacd0000 - 0x00007ffbaae1c000 	C:\WINDOWS\System32\MSCTF.dll
0x00007ffba9970000 - 0x00007ffba9b0f000 	C:\WINDOWS\System32\ole32.dll

dbghelp: loaded successfully - version: 4.0.5 - missing functions: none
symbol engine: initialized successfully - sym options: 0x614 - pdb path: .;C:\Program Files\Java\jdk-20\bin;C:\WINDOWS\SYSTEM32;C:\WINDOWS\WinSxS\amd64_microsoft.windows.common-controls_6595b64144ccf1df_6.0.22621.2361_none_2712ced57382f843;C:\Program Files\Java\jdk-20\bin\server

VM Arguments:
jvm_args: -Dfile.encoding=UTF-8 --module-path=C:\Users\Asus\OneDrive\Documents\NetBeansProjects\Inkeeper's_toolkit\build\classes 
java_command: inkeeper.s_toolkit.AddDriver
java_class_path (initial): C:\Users\Asus\OneDrive\Documents\NetBeansProjects\Inkeeper's_toolkit\src\mysql-connector-java-8.0.28.jar;C:\Users\Asus\OneDrive\Documents\NetBeansProjects\Inkeeper's_toolkit\build\classes
Launcher Type: SUN_STANDARD

[Global flags]
     intx CICompilerCount                          = 4                                         {product} {ergonomic}
     uint ConcGCThreads                            = 2                                         {product} {ergonomic}
     uint G1ConcRefinementThreads                  = 8                                         {product} {ergonomic}
   size_t G1HeapRegionSize                         = 1048576                                   {product} {ergonomic}
    uintx GCDrainStackTargetSize                   = 64                                        {product} {ergonomic}
   size_t InitialHeapSize                          = 130023424                                 {product} {ergonomic}
   size_t MarkStackSize                            = 4194304                                   {product} {ergonomic}
   size_t MaxHeapSize                              = 2080374784                                {product} {ergonomic}
   size_t MaxNewSize                               = 1247805440                                {product} {ergonomic}
   size_t MinHeapDeltaBytes                        = 1048576                                   {product} {ergonomic}
   size_t MinHeapSize                              = 8388608                                   {product} {ergonomic}
    uintx NonNMethodCodeHeapSize                   = 5839372                                {pd product} {ergonomic}
    uintx NonProfiledCodeHeapSize                  = 122909434                              {pd product} {ergonomic}
    uintx ProfiledCodeHeapSize                     = 122909434                              {pd product} {ergonomic}
    uintx ReservedCodeCacheSize                    = 251658240                              {pd product} {ergonomic}
     bool SegmentedCodeCache                       = true                                      {product} {ergonomic}
   size_t SoftMaxHeapSize                          = 2080374784                             {manageable} {ergonomic}
     bool UseCompressedClassPointers               = true                           {product lp64_product} {ergonomic}
     bool UseCompressedOops                        = true                           {product lp64_product} {ergonomic}
     bool UseG1GC                                  = true                                      {product} {ergonomic}
     bool UseLargePagesIndividualAllocation        = false                                  {pd product} {ergonomic}

Logging:
Log output configuration:
 #0: stdout all=warning uptime,level,tags foldmultilines=false
 #1: stderr all=off uptime,level,tags foldmultilines=false

Environment Variables:
PATH=C:\Program Files\Common Files\Oracle\Java\javapath;C:\WINDOWS\system32;C:\WINDOWS;C:\WINDOWS\System32\Wbem;C:\WINDOWS\System32\WindowsPowerShell\v1.0\;C:\WINDOWS\System32\OpenSSH\;C:\Program Files\nodejs\;C:\Program Files\Git\cmd;C:\Program Files\MySQL\MySQL Shell 8.0\bin\;C:\Users\Asus\AppData\Local\Microsoft\WindowsApps;C:\Users\Asus\AppData\Local\Programs\Microsoft VS Code\bin;C:\MinGW\bin;C:\Users\Asus\AppData\Roaming\npm;
USERNAME=Asus
OS=Windows_NT
PROCESSOR_IDENTIFIER=Intel64 Family 6 Model 126 Stepping 5, GenuineIntel
TMP=C:\Users\Asus\AppData\Local\Temp
TEMP=C:\Users\Asus\AppData\Local\Temp




---------------  S Y S T E M  ---------------

OS:
 Windows 11 , 64 bit Build 22621 (10.0.22621.2428)
OS uptime: 0 days 14:32 hours

CPU: total 8 (initial active 8) (4 cores per cpu, 2 threads per core) family 6 model 126 stepping 5 microcode 0xa0, cx8, cmov, fxsr, ht, mmx, 3dnowpref, sse, sse2, sse3, ssse3, sse4.1, sse4.2, popcnt, lzcnt, tsc, tscinvbit, avx, avx2, aes, erms, clmul, bmi1, bmi2, adx, avx512f, avx512dq, avx512cd, avx512bw, avx512vl, sha, fma, vzeroupper, avx512_vpopcntdq, avx512_vpclmulqdq, avx512_vaes, avx512_vnni, clflush, clflushopt, avx512_vbmi2, avx512_vbmi, rdtscp, rdpid, fsrm, gfni, avx512_bitalg, f16c, pku, avx512_ifma

Memory: 4k page, system-wide physical 7932M (1303M free)
TotalPageFile size 32508M (AvailPageFile size 5M)
current process WorkingSet (physical memory assigned to process): 55M, peak: 55M
current process commit charge ("private bytes"): 215M, peak: 215M

vm_info: Java HotSpot(TM) 64-Bit Server VM (20.0.2+9-78) for windows-amd64 JRE (20.0.2+9-78), built on 2023-06-14T10:08:48Z by "mach5one" with MS VC++ 17.1 (VS2022)

END.
